<?xml version="1.0" encoding="UTF-8"?>
<!-- Generated by org.testng.reporters.JUnitReportReporter -->
<testsuite skipped="0" hostname="tom" name="com.accenture.tests.TestSearchAndValidate" tests="1" failures="0" timestamp="2020-01-16T07:32:18 EST" time="29.216" errors="0">
  <testcase name="testSearch" time="29.216" classname="com.accenture.tests.TestSearchAndValidate"/>
  <system-out/>
</testsuite> <!-- com.accenture.tests.TestSearchAndValidate -->
